2025-01-29 19:41:37,565 - INFO - Updated: Bitcoin (BTC) - $102771
2025-01-29 19:41:37,565 - INFO - Updated: Ethereum (ETH) - $3149.01
2025-01-29 19:41:37,565 - INFO - Inserted: XRP (XRP) - $3.11
2025-01-29 19:41:37,566 - INFO - Inserted: Tether (USDT) - $0.999678
2025-01-29 19:41:37,566 - INFO - Inserted: Solana (SOL) - $234.1
2025-01-29 19:41:37,566 - INFO - Inserted: BNB (BNB) - $671.63
2025-01-29 19:41:37,566 - INFO - Inserted: USDC (USDC) - $1.0
2025-01-29 19:41:37,566 - INFO - Inserted: Dogecoin (DOGE) - $0.331111
2025-01-29 19:41:37,566 - INFO - Inserted: Cardano (ADA) - $0.939024
2025-01-29 19:41:37,566 - INFO - Inserted: Lido Staked Ether (STETH) - $3151.59
2025-01-29 19:41:37,567 - INFO - Inserted: TRON (TRX) - $0.243118
2025-01-29 19:41:37,567 - INFO - Inserted: Chainlink (LINK) - $23.39
2025-01-29 19:41:37,567 - INFO - Inserted: Avalanche (AVAX) - $33.34
2025-01-29 19:41:37,567 - INFO - Inserted: Wrapped Bitcoin (WBTC) - $102301
2025-01-29 19:41:37,567 - INFO - Inserted: Wrapped stETH (WSTETH) - $3754.22
2025-01-29 19:41:37,567 - INFO - Inserted: Stellar (XLM) - $0.401938
2025-01-29 19:41:37,567 - INFO - Inserted: Toncoin (TON) - $4.86
2025-01-29 19:41:37,567 - INFO - Inserted: Hedera (HBAR) - $0.309477
2025-01-29 19:41:37,567 - INFO - Inserted: Sui (SUI) - $3.76
2025-01-29 19:41:37,567 - INFO - Inserted: Shiba Inu (SHIB) - $1.85e-05
2025-01-29 19:41:37,567 - INFO - Inserted: WETH (WETH) - $3150.14
2025-01-29 19:41:37,568 - INFO - Inserted: LEO Token (LEO) - $9.78
2025-01-29 19:41:37,568 - INFO - Inserted: Polkadot (DOT) - $5.81
2025-01-29 19:41:37,568 - INFO - Inserted: Litecoin (LTC) - $114.15
2025-01-29 19:41:37,568 - INFO - Inserted: Bitget Token (BGB) - $6.97
2025-01-29 19:41:37,568 - INFO - Inserted: Bitcoin Cash (BCH) - $416.09
2025-01-29 19:41:37,568 - INFO - Inserted: Hyperliquid (HYPE) - $23.2
2025-01-29 19:41:37,568 - INFO - Inserted: Uniswap (UNI) - $12.0
2025-01-29 19:41:37,568 - INFO - Inserted: USDS (USDS) - $1.001
2025-01-29 19:41:37,568 - INFO - Inserted: Wrapped eETH (WEETH) - $3335.27
2025-01-29 19:41:37,568 - INFO - Inserted: Ethena USDe (USDE) - $1.001
2025-01-29 19:41:37,568 - INFO - Inserted: Official Trump (TRUMP) - $27.94
2025-01-29 19:41:37,569 - INFO - Inserted: Pepe (PEPE) - $1.265e-05
2025-01-29 19:41:37,569 - INFO - Inserted: NEAR Protocol (NEAR) - $4.45
2025-01-29 19:41:37,569 - INFO - Inserted: Aave (AAVE) - $299.74
2025-01-29 19:41:37,569 - INFO - Inserted: MANTRA (OM) - $4.63
2025-01-29 19:41:37,569 - INFO - Inserted: Ondo (ONDO) - $1.39
2025-01-29 19:41:37,569 - INFO - Inserted: Aptos (APT) - $7.49
2025-01-29 19:41:37,569 - INFO - Inserted: Internet Computer (ICP) - $8.81
2025-01-29 19:41:37,569 - INFO - Inserted: WhiteBIT Coin (WBT) - $28.44
2025-01-29 19:41:37,569 - INFO - Inserted: Monero (XMR) - $221.4
2025-01-29 19:41:37,569 - INFO - Inserted: Bittensor (TAO) - $477.24
2025-01-29 19:41:37,569 - INFO - Inserted: Ethereum Classic (ETC) - $25.62
2025-01-29 19:41:37,569 - INFO - Inserted: Mantle (MNT) - $1.088
2025-01-29 19:41:37,570 - INFO - Inserted: Dai (DAI) - $0.999959
2025-01-29 19:41:37,570 - INFO - Inserted: Cronos (CRO) - $0.129215
2025-01-29 19:41:37,570 - INFO - Inserted: VeChain (VET) - $0.04341419
2025-01-29 19:41:37,570 - INFO - Inserted: POL (ex-MATIC) (POL) - $0.40184
2025-01-29 19:41:37,570 - INFO - Inserted: OKB (OKB) - $54.07
2025-01-29 19:41:37,570 - INFO - Inserted: Kaspa (KAS) - $0.124089
2025-01-29 19:41:37,570 - INFO - Inserted: Algorand (ALGO) - $0.374734
2025-01-29 19:41:37,570 - INFO - Inserted: Gate (GT) - $24.51
2025-01-29 19:41:37,570 - INFO - Inserted: Render (RENDER) - $5.92
2025-01-29 19:41:37,570 - INFO - Inserted: Filecoin (FIL) - $4.54
2025-01-29 19:41:37,570 - INFO - Inserted: Arbitrum (ARB) - $0.615747
2025-01-29 19:41:37,570 - INFO - Inserted: Artificial Superintelligence Alliance (FET) - $1.013
2025-01-29 19:41:37,571 - INFO - Inserted: Cosmos Hub (ATOM) - $5.88
2025-01-29 19:41:37,571 - INFO - Inserted: Coinbase Wrapped BTC (CBBTC) - $102778
2025-01-29 19:41:37,571 - INFO - Inserted: Tokenize Xchange (TKX) - $27.73
2025-01-29 19:41:37,571 - INFO - Inserted: Ethena (ENA) - $0.701749
2025-01-29 19:41:37,571 - INFO - Inserted: Celestia (TIA) - $3.98
2025-01-29 19:41:37,571 - INFO - Inserted: Optimism (OP) - $1.47
2025-01-29 19:41:37,571 - INFO - Inserted: Raydium (RAY) - $6.72
2025-01-29 19:41:37,571 - INFO - Inserted: Bonk (BONK) - $2.521e-05
2025-01-29 19:41:37,571 - INFO - Inserted: Immutable (IMX) - $1.1
2025-01-29 19:41:37,571 - INFO - Inserted: Stacks (STX) - $1.27
2025-01-29 19:41:37,571 - INFO - Inserted: Movement (MOVE) - $0.832149
2025-01-29 19:41:37,571 - INFO - Updated: Binance-Peg WETH (WETH) - $3147.68
2025-01-29 19:41:37,571 - INFO - Inserted: Theta Network (THETA) - $1.91
2025-01-29 19:41:37,571 - INFO - Inserted: Jupiter (JUP) - $1.12
2025-01-29 19:41:37,571 - INFO - Inserted: Binance Staked SOL (BNSOL) - $241.22
2025-01-29 19:41:37,572 - INFO - Inserted: Lombard Staked BTC (LBTC) - $102463
2025-01-29 19:41:37,572 - INFO - Inserted: First Digital USD (FDUSD) - $0.99951
2025-01-29 19:41:37,572 - INFO - Inserted: Injective (INJ) - $18.53
2025-01-29 19:41:37,572 - INFO - Inserted: Kelp DAO Restaked ETH (RSETH) - $3263.92
2025-01-29 19:41:37,572 - INFO - Inserted: XDC Network (XDC) - $0.110916
2025-01-29 19:41:37,572 - INFO - Inserted: Worldcoin (WLD) - $1.74
2025-01-29 19:41:37,572 - INFO - Inserted: Fasttoken (FTN) - $3.9
2025-01-29 19:41:37,572 - INFO - Inserted: Lido DAO (LDO) - $1.85
2025-01-29 19:41:37,572 - INFO - Inserted: KuCoin (KCS) - $13.47
2025-01-29 19:41:37,572 - INFO - Inserted: sUSDS (SUSDS) - $1.031
2025-01-29 19:41:37,572 - INFO - Inserted: The Graph (GRT) - $0.170937
2025-01-29 19:41:37,572 - INFO - Inserted: Rocket Pool ETH (RETH) - $3525.51
2025-01-29 19:41:37,572 - INFO - Inserted: Sonic (prev. FTM) (S) - $0.474184
2025-01-29 19:41:37,572 - INFO - Inserted: Mantle Staked Ether (METH) - $3316.97
2025-01-29 19:41:37,572 - INFO - Inserted: Quant (QNT) - $99.9
2025-01-29 19:41:37,573 - INFO - Inserted: NEXO (NEXO) - $1.44
2025-01-29 19:41:37,573 - INFO - Inserted: Flare (FLR) - $0.02414426
2025-01-29 19:41:37,573 - INFO - Inserted: Sei (SEI) - $0.308424
2025-01-29 19:41:37,573 - INFO - Inserted: Solv Protocol SolvBTC (SOLVBTC) - $102009
2025-01-29 19:41:37,573 - INFO - Inserted: dogwifhat (WIF) - $1.32
2025-01-29 19:41:37,573 - INFO - Inserted: Virtuals Protocol (VIRTUAL) - $2.02
2025-01-29 19:41:37,573 - INFO - Inserted: The Sandbox (SAND) - $0.518077
2025-01-29 19:41:37,573 - INFO - Inserted: Marinade Staked SOL (MSOL) - $295.1
2025-01-29 19:41:37,573 - INFO - Inserted: GALA (GALA) - $0.02913604
2025-01-29 19:41:37,573 - INFO - Inserted: Usual USD (USD0) - $0.997462
2025-01-29 19:41:37,573 - INFO - Inserted: JasmyCoin (JASMY) - $0.02482574
2025-01-29 19:41:37,573 - INFO - Inserted: FLOKI (FLOKI) - $0.00012206
2025-01-29 19:41:37,573 - INFO - Inserted: EOS (EOS) - $0.746629
2025-01-29 19:41:37,573 - INFO - Inserted: Kaia (KAIA) - $0.191071
2025-01-29 19:58:27,512 - INFO - BEGIN (implicit)
2025-01-29 19:58:27,514 - INFO - SELECT users.id AS users_id, users.username AS users_username 
FROM users 
WHERE users.username = ?
 LIMIT ? OFFSET ?
2025-01-29 19:58:27,514 - INFO - [generated in 0.00028s] ('kelly', 1, 0)
2025-01-29 19:58:27,517 - INFO - INSERT INTO users (username) VALUES (?)
2025-01-29 19:58:27,520 - INFO - [generated in 0.00187s] ('kelly',)
2025-01-29 19:58:27,524 - INFO - COMMIT
2025-01-29 19:59:10,381 - INFO - BEGIN (implicit)
2025-01-29 19:59:10,384 - INFO - SELECT users.id AS users_id, users.username AS users_username 
FROM users 
WHERE users.username = ?
 LIMIT ? OFFSET ?
2025-01-29 19:59:10,384 - INFO - [generated in 0.00030s] ('kelly', 1, 0)
2025-01-29 19:59:10,391 - INFO - SELECT cryptocurrencies.id AS cryptocurrencies_id, cryptocurrencies.name AS cryptocurrencies_name, cryptocurrencies.symbol AS cryptocurrencies_symbol, cryptocurrencies.price AS cryptocurrencies_price 
FROM cryptocurrencies 
WHERE cryptocurrencies.symbol = ?
 LIMIT ? OFFSET ?
2025-01-29 19:59:10,392 - INFO - [generated in 0.00127s] ('BITCOIN', 1, 0)
2025-01-29 19:59:54,000 - INFO - BEGIN (implicit)
2025-01-29 19:59:54,004 - INFO - SELECT users.id AS users_id, users.username AS users_username 
FROM users 
WHERE users.username = ?
 LIMIT ? OFFSET ?
2025-01-29 19:59:54,004 - INFO - [generated in 0.00037s] ('john', 1, 0)
2025-01-29 20:00:38,337 - INFO - BEGIN (implicit)
2025-01-29 20:00:38,341 - INFO - SELECT users.id AS users_id, users.username AS users_username 
FROM users 
WHERE users.username = ?
 LIMIT ? OFFSET ?
2025-01-29 20:00:38,341 - INFO - [generated in 0.00056s] ('john', 1, 0)
2025-01-29 20:00:51,927 - INFO - BEGIN (implicit)
2025-01-29 20:00:51,930 - INFO - SELECT users.id AS users_id, users.username AS users_username 
FROM users 
WHERE users.username = ?
 LIMIT ? OFFSET ?
2025-01-29 20:00:51,930 - INFO - [generated in 0.00029s] ('john', 1, 0)
2025-01-29 20:00:51,933 - INFO - INSERT INTO users (username) VALUES (?)
2025-01-29 20:00:51,933 - INFO - [generated in 0.00024s] ('john',)
2025-01-29 20:00:51,935 - INFO - COMMIT
2025-01-29 20:01:05,553 - INFO - BEGIN (implicit)
2025-01-29 20:01:05,556 - INFO - SELECT users.id AS users_id, users.username AS users_username 
FROM users 
WHERE users.username = ?
 LIMIT ? OFFSET ?
2025-01-29 20:01:05,556 - INFO - [generated in 0.00030s] ('kelly', 1, 0)
2025-01-29 20:01:12,596 - INFO - BEGIN (implicit)
2025-01-29 20:01:12,598 - INFO - SELECT users.id AS users_id, users.username AS users_username 
FROM users 
WHERE users.username = ?
 LIMIT ? OFFSET ?
2025-01-29 20:01:12,598 - INFO - [generated in 0.00026s] ('candice', 1, 0)
2025-01-29 20:01:28,862 - INFO - BEGIN (implicit)
2025-01-29 20:01:28,867 - INFO - SELECT users.id AS users_id, users.username AS users_username 
FROM users 
WHERE users.username = ?
 LIMIT ? OFFSET ?
2025-01-29 20:01:28,867 - INFO - [generated in 0.00031s] ('john', 1, 0)
2025-01-29 20:01:28,872 - INFO - SELECT portfolios.id AS portfolios_id, portfolios.user_id AS portfolios_user_id, portfolios.crypto_id AS portfolios_crypto_id, portfolios.quantity AS portfolios_quantity 
FROM portfolios 
WHERE portfolios.user_id = ?
2025-01-29 20:01:28,872 - INFO - [generated in 0.00032s] (3,)
2025-01-29 20:01:39,415 - INFO - BEGIN (implicit)
2025-01-29 20:01:39,418 - INFO - SELECT users.id AS users_id, users.username AS users_username 
FROM users 
WHERE users.username = ?
 LIMIT ? OFFSET ?
2025-01-29 20:01:39,418 - INFO - [generated in 0.00027s] ('john', 1, 0)
2025-01-29 20:01:39,421 - INFO - SELECT cryptocurrencies.id AS cryptocurrencies_id, cryptocurrencies.name AS cryptocurrencies_name, cryptocurrencies.symbol AS cryptocurrencies_symbol, cryptocurrencies.price AS cryptocurrencies_price 
FROM cryptocurrencies 
WHERE cryptocurrencies.symbol = ?
 LIMIT ? OFFSET ?
2025-01-29 20:01:39,422 - INFO - [generated in 0.00123s] ('BITCOIN', 1, 0)
2025-01-29 20:01:46,516 - INFO - BEGIN (implicit)
2025-01-29 20:01:46,519 - INFO - SELECT users.id AS users_id, users.username AS users_username 
FROM users 
WHERE users.username = ?
 LIMIT ? OFFSET ?
2025-01-29 20:01:46,519 - INFO - [generated in 0.00032s] ('john', 1, 0)
2025-01-29 20:01:46,521 - INFO - SELECT cryptocurrencies.id AS cryptocurrencies_id, cryptocurrencies.name AS cryptocurrencies_name, cryptocurrencies.symbol AS cryptocurrencies_symbol, cryptocurrencies.price AS cryptocurrencies_price 
FROM cryptocurrencies 
WHERE cryptocurrencies.symbol = ?
 LIMIT ? OFFSET ?
2025-01-29 20:01:46,522 - INFO - [generated in 0.00026s] ('BITCOIN', 1, 0)
2025-01-29 20:02:10,040 - INFO - Updated: Bitcoin (BTC) - $102693
2025-01-29 20:02:10,040 - INFO - Updated: Ethereum (ETH) - $3144.96
2025-01-29 20:02:10,041 - INFO - Updated: XRP (XRP) - $3.1
2025-01-29 20:02:10,041 - INFO - Updated: Tether (USDT) - $0.999642
2025-01-29 20:02:10,041 - INFO - Updated: Solana (SOL) - $233.86
2025-01-29 20:02:10,041 - INFO - Updated: BNB (BNB) - $670.64
2025-01-29 20:02:10,041 - INFO - Updated: USDC (USDC) - $1.0
2025-01-29 20:02:10,041 - INFO - Updated: Dogecoin (DOGE) - $0.330647
2025-01-29 20:02:10,041 - INFO - Updated: Cardano (ADA) - $0.937834
2025-01-29 20:02:10,041 - INFO - Updated: Lido Staked Ether (STETH) - $3143.54
2025-01-29 20:02:10,042 - INFO - Updated: TRON (TRX) - $0.242888
2025-01-29 20:02:10,042 - INFO - Updated: Chainlink (LINK) - $23.35
2025-01-29 20:02:10,042 - INFO - Updated: Avalanche (AVAX) - $33.36
2025-01-29 20:02:10,042 - INFO - Updated: Wrapped Bitcoin (WBTC) - $102208
2025-01-29 20:02:10,042 - INFO - Updated: Wrapped stETH (WSTETH) - $3750.53
2025-01-29 20:02:10,042 - INFO - Updated: Stellar (XLM) - $0.40037
2025-01-29 20:02:10,042 - INFO - Updated: Toncoin (TON) - $4.86
2025-01-29 20:02:10,042 - INFO - Updated: Hedera (HBAR) - $0.309768
2025-01-29 20:02:10,042 - INFO - Updated: Sui (SUI) - $3.75
2025-01-29 20:02:10,043 - INFO - Updated: Shiba Inu (SHIB) - $1.846e-05
2025-01-29 20:02:10,043 - INFO - Updated: WETH (WETH) - $3146.16
2025-01-29 20:02:10,043 - INFO - Updated: LEO Token (LEO) - $9.77
2025-01-29 20:02:10,043 - INFO - Updated: Polkadot (DOT) - $5.8
2025-01-29 20:02:10,043 - INFO - Updated: Litecoin (LTC) - $114.07
2025-01-29 20:02:10,043 - INFO - Updated: Bitget Token (BGB) - $6.94
2025-01-29 20:02:10,043 - INFO - Updated: Bitcoin Cash (BCH) - $415.57
2025-01-29 20:02:10,043 - INFO - Updated: Hyperliquid (HYPE) - $23.0
2025-01-29 20:02:10,043 - INFO - Updated: Uniswap (UNI) - $11.96
2025-01-29 20:02:10,043 - INFO - Updated: USDS (USDS) - $1.001
2025-01-29 20:02:10,044 - INFO - Updated: Wrapped eETH (WEETH) - $3330.28
2025-01-29 20:02:10,044 - INFO - Updated: Ethena USDe (USDE) - $1.0
2025-01-29 20:02:10,044 - INFO - Updated: Official Trump (TRUMP) - $27.82
2025-01-29 20:02:10,044 - INFO - Updated: Pepe (PEPE) - $1.262e-05
2025-01-29 20:02:10,044 - INFO - Updated: NEAR Protocol (NEAR) - $4.45
2025-01-29 20:02:10,044 - INFO - Updated: Aave (AAVE) - $298.6
2025-01-29 20:02:10,044 - INFO - Updated: MANTRA (OM) - $4.64
2025-01-29 20:02:10,044 - INFO - Updated: Ondo (ONDO) - $1.39
2025-01-29 20:02:10,044 - INFO - Updated: Aptos (APT) - $7.47
2025-01-29 20:02:10,044 - INFO - Updated: Internet Computer (ICP) - $8.79
2025-01-29 20:02:10,044 - INFO - Updated: WhiteBIT Coin (WBT) - $28.41
2025-01-29 20:02:10,044 - INFO - Updated: Monero (XMR) - $220.64
2025-01-29 20:02:10,044 - INFO - Updated: Bittensor (TAO) - $487.54
2025-01-29 20:02:10,044 - INFO - Updated: Ethereum Classic (ETC) - $25.6
2025-01-29 20:02:10,044 - INFO - Updated: Mantle (MNT) - $1.084
2025-01-29 20:02:10,045 - INFO - Updated: Dai (DAI) - $0.999237
2025-01-29 20:02:10,045 - INFO - Updated: Cronos (CRO) - $0.12915
2025-01-29 20:02:10,045 - INFO - Updated: VeChain (VET) - $0.04339005
2025-01-29 20:02:10,045 - INFO - Updated: POL (ex-MATIC) (POL) - $0.401701
2025-01-29 20:02:10,045 - INFO - Updated: OKB (OKB) - $54.23
2025-01-29 20:02:10,045 - INFO - Updated: Kaspa (KAS) - $0.123859
2025-01-29 20:02:10,045 - INFO - Updated: Algorand (ALGO) - $0.373618
2025-01-29 20:02:10,045 - INFO - Updated: Gate (GT) - $24.41
2025-01-29 20:02:10,045 - INFO - Updated: Render (RENDER) - $5.89
2025-01-29 20:02:10,045 - INFO - Updated: Filecoin (FIL) - $4.53
2025-01-29 20:02:10,045 - INFO - Updated: Arbitrum (ARB) - $0.614592
2025-01-29 20:02:10,045 - INFO - Updated: Artificial Superintelligence Alliance (FET) - $1.008
2025-01-29 20:02:10,045 - INFO - Updated: Cosmos Hub (ATOM) - $5.89
2025-01-29 20:02:10,045 - INFO - Updated: Coinbase Wrapped BTC (CBBTC) - $102654
2025-01-29 20:02:10,045 - INFO - Updated: Tokenize Xchange (TKX) - $27.7
2025-01-29 20:02:10,045 - INFO - Updated: Ethena (ENA) - $0.698488
2025-01-29 20:02:10,046 - INFO - Updated: Celestia (TIA) - $3.97
2025-01-29 20:02:10,046 - INFO - Updated: Optimism (OP) - $1.47
2025-01-29 20:02:10,046 - INFO - Updated: Raydium (RAY) - $6.69
2025-01-29 20:02:10,046 - INFO - Updated: Bonk (BONK) - $2.514e-05
2025-01-29 20:02:10,046 - INFO - Updated: Immutable (IMX) - $1.097
2025-01-29 20:02:10,046 - INFO - Updated: Stacks (STX) - $1.27
2025-01-29 20:02:10,046 - INFO - Updated: Movement (MOVE) - $0.831504
2025-01-29 20:02:10,047 - INFO - Updated: Theta Network (THETA) - $1.9
2025-01-29 20:02:10,047 - INFO - Updated: Binance-Peg WETH (WETH) - $3145.91
2025-01-29 20:02:10,047 - INFO - Updated: Jupiter (JUP) - $1.12
2025-01-29 20:02:10,047 - INFO - Updated: Binance Staked SOL (BNSOL) - $241.42
2025-01-29 20:02:10,047 - INFO - Updated: Lombard Staked BTC (LBTC) - $102345
2025-01-29 20:02:10,047 - INFO - Updated: First Digital USD (FDUSD) - $0.998349
2025-01-29 20:02:10,047 - INFO - Updated: Injective (INJ) - $18.54
2025-01-29 20:02:10,047 - INFO - Updated: Kelp DAO Restaked ETH (RSETH) - $3255.4
2025-01-29 20:02:10,048 - INFO - Updated: XDC Network (XDC) - $0.111343
2025-01-29 20:02:10,048 - INFO - Updated: Worldcoin (WLD) - $1.74
2025-01-29 20:02:10,048 - INFO - Updated: Fasttoken (FTN) - $3.9
2025-01-29 20:02:10,048 - INFO - Updated: Lido DAO (LDO) - $1.84
2025-01-29 20:02:10,048 - INFO - Updated: KuCoin (KCS) - $13.41
2025-01-29 20:02:10,048 - INFO - Updated: sUSDS (SUSDS) - $1.03
2025-01-29 20:02:10,048 - INFO - Updated: The Graph (GRT) - $0.17082
2025-01-29 20:02:10,048 - INFO - Updated: Rocket Pool ETH (RETH) - $3520.75
2025-01-29 20:02:10,048 - INFO - Updated: Sonic (prev. FTM) (S) - $0.473978
2025-01-29 20:02:10,048 - INFO - Updated: Mantle Staked Ether (METH) - $3317.7
2025-01-29 20:02:10,048 - INFO - Updated: Quant (QNT) - $99.78
2025-01-29 20:02:10,048 - INFO - Updated: NEXO (NEXO) - $1.44
2025-01-29 20:02:10,049 - INFO - Updated: Flare (FLR) - $0.02409894
2025-01-29 20:02:10,049 - INFO - Updated: Sei (SEI) - $0.307706
2025-01-29 20:02:10,049 - INFO - Updated: Solv Protocol SolvBTC (SOLVBTC) - $101956
2025-01-29 20:02:10,049 - INFO - Updated: dogwifhat (WIF) - $1.32
2025-01-29 20:02:10,049 - INFO - Updated: Virtuals Protocol (VIRTUAL) - $2.01
2025-01-29 20:02:10,049 - INFO - Updated: The Sandbox (SAND) - $0.517983
2025-01-29 20:02:10,049 - INFO - Updated: Marinade Staked SOL (MSOL) - $294.78
2025-01-29 20:02:10,049 - INFO - Updated: GALA (GALA) - $0.02887555
2025-01-29 20:02:10,049 - INFO - Updated: Usual USD (USD0) - $0.99656
2025-01-29 20:02:10,049 - INFO - Updated: JasmyCoin (JASMY) - $0.02473868
2025-01-29 20:02:10,049 - INFO - Updated: FLOKI (FLOKI) - $0.00012216
2025-01-29 20:02:10,049 - INFO - Updated: EOS (EOS) - $0.744897
2025-01-29 20:02:10,049 - INFO - Updated: Kaia (KAIA) - $0.190735
2025-01-29 20:11:01,012 - INFO - BEGIN (implicit)
2025-01-29 20:11:01,015 - INFO - SELECT users.id AS users_id, users.username AS users_username 
FROM users 
WHERE users.username = ?
 LIMIT ? OFFSET ?
2025-01-29 20:11:01,015 - INFO - [generated in 0.00028s] ('candice', 1, 0)
